0:100  0:100  MemLog inited, TSC freq: 2592384580
0:100  0:000  CPU was calibrated with RTC
0:100  0:000  
0:100  0:000  Now is 11.12.2019,  15:32:0 (GMT)
0:100  0:000  Starting Clover revision: 5070 on American Megatrends EFI
0:100  0:000  Build with: [Args: -D NO_GRUB_DRIVERS_EMBEDDED | -D NO_GRUB_DRIVERS_EMBEDDED -D USE_LOW_EBDA -a X64 -b RELEASE -t XCODE8 -n 5 | OS: 10.14.6 | XCODE: 10.3]
0:100  0:000  SelfDevicePath=PciRoot(0x0)\Pci(0x14,0x0)\USB(0x5,0x0)\HD(1,GPT,C5EA59C2-BBE9-410C-B5D8-F8368F72C4EE,0x28,0x64000) @38D5ED18
0:100  0:000  SelfDirPath = \EFI\BOOT
0:104  0:004  SimpleTextEx Status=Success
0:104  0:000  === [ Get Smbios ] ========================================
0:111  0:007  Type 16 Index = 0
0:111  0:000  Total Memory Slots Count = 4
0:111  0:000  Type 17 Index = 0
0:111  0:000  SmbiosTable.Type17->Speed = 2133MHz
0:111  0:000  SmbiosTable.Type17->Size = 8192MB
0:111  0:000  SmbiosTable.Type17->Bank/Device = BANK 0 ChannelA-DIMM0
0:111  0:000  SmbiosTable.Type17->Vendor = Samsung
0:111  0:000  SmbiosTable.Type17->SerialNumber = 00000000
0:111  0:000  SmbiosTable.Type17->PartNumber = M471A5244BB0-CPB    
0:111  0:000  Type 17 Index = 1
0:111  0:000  Ignoring insane frequency value 0MHz
0:111  0:000  SmbiosTable.Type17->Speed = 0MHz
0:111  0:000  SmbiosTable.Type17->Size = 0MB
0:111  0:000  SmbiosTable.Type17->Bank/Device = BANK 1 ChannelA-DIMM1
0:111  0:000  SmbiosTable.Type17->Vendor = <null string>
0:111  0:000  SmbiosTable.Type17->SerialNumber = <null string>
0:111  0:000  SmbiosTable.Type17->PartNumber = <null string>
0:111  0:000  Type 17 Index = 2
0:111  0:000  SmbiosTable.Type17->Speed = 2133MHz
0:111  0:000  SmbiosTable.Type17->Size = 8192MB
0:111  0:000  SmbiosTable.Type17->Bank/Device = BANK 2 ChannelB-DIMM0
0:111  0:000  SmbiosTable.Type17->Vendor = Samsung
0:111  0:000  SmbiosTable.Type17->SerialNumber = 00000000
0:111  0:000  SmbiosTable.Type17->PartNumber = M471A5244BB0-CPB    
0:111  0:000  Type 17 Index = 3
0:111  0:000  Ignoring insane frequency value 0MHz
0:111  0:000  SmbiosTable.Type17->Speed = 0MHz
0:111  0:000  SmbiosTable.Type17->Size = 0MB
0:111  0:000  SmbiosTable.Type17->Bank/Device = BANK 3 ChannelB-DIMM1
0:111  0:000  SmbiosTable.Type17->Vendor = <null string>
0:111  0:000  SmbiosTable.Type17->SerialNumber = <null string>
0:111  0:000  SmbiosTable.Type17->PartNumber = <null string>
0:111  0:000  Boot status=0
0:111  0:000  Running on: 'Blade' with board 'Blade'
0:111  0:000  === [ GetCPUProperties ] ==================================
0:111  0:000  CPU Vendor = 756E6547 Model=506E3
0:111  0:000   The CPU supported SSE4.1
0:111  0:000  BrandString = Intel(R) Core(TM) i7-6700HQ CPU @ 2.60GHz
0:111  0:000   The CPU supported turbo
0:111  0:000  MSR 0x35               40008
0:111  0:000   TSC/CCC Information Leaf:
0:111  0:000    numerator     : 216
0:111  0:000    denominator   : 2
0:111  0:000   Calibrated ARTFrequency: 24003560
0:111  0:000   Rounded ARTFrequency: 24100000
0:111  0:000  MSR 0xE2 before patch 00000000
0:111  0:000  MSR 0xCE              0008083B_F1011A00
0:111  0:000  corrected FLEX_RATIO = 0
0:111  0:000  MSR 0x1B0             00000000
0:111  0:000  FSBFrequency = 97 MHz, DMI FSBFrequency = 100 MHz, Corrected FSBFrequency = 100 MHz
0:112  0:000  MaxDiv/MinDiv: 26.0/8
0:112  0:000  Turbo: 31/32/33/35
0:112  0:000  Features: 0xBFEBFBFF
0:112  0:000  Threads: 8
0:112  0:000  Cores: 4
0:112  0:000  FSB: 100 MHz
0:112  0:000  CPU: 2500 MHz
0:112  0:000  TSC: 2500 MHz
0:112  0:000  PIS: 100 MHz
0:112  0:000  ExternalClock: 25 MHz
0:112  0:000  === [ GetDevices ] ========================================
0:112  0:000  GOP found at: PciRoot(0x0)/Pci(0x2,0x0)/AcpiAdr(0x80011400)
0:112  0:000  PCI (00|00:00.00) : 8086 1910 class=060000
0:112  0:000  PCI (00|00:01.00) : 8086 1901 class=060400
0:112  0:000  PCI (00|01:00.00) : 10DE 1C20 class=030000
0:112  0:000   - GFX: Model=GeForce GTX 1060 family 136 (Pascal)
0:112  0:000  PCI (00|01:00.01) : FFFF FFFF class=FFFFFF
0:112  0:000  PCI (00|00:02.00) : 8086 191B class=030000
0:112  0:000   - GOP: Provided by device
0:112  0:000   - GFX: Model=Intel HD Graphics 530 (Intel)
0:112  0:000  PCI (00|00:08.00) : 8086 1911 class=088000
0:112  0:000  PCI (00|00:14.00) : 8086 A12F class=0C0330
0:112  0:000  PCI (00|00:14.02) : 8086 A131 class=118000
0:112  0:000  PCI (00|00:15.00) : 8086 A160 class=118000
0:112  0:000  PCI (00|00:15.01) : 8086 A161 class=118000
0:112  0:000  PCI (00|00:16.00) : 8086 A13A class=078000
0:112  0:000  PCI (00|00:1C.00) : 8086 A110 class=060400
0:112  0:000  PCI (00|00:1C.05) : 8086 A115 class=060400
0:112  0:000  PCI (00|3B:00.00) : 168C 003E class=028000
0:112  0:000   - WIFI: Vendor=Atheros
0:112  0:000  PCI (00|00:1D.00) : 8086 A118 class=060400
0:112  0:000  PCI (00|00:1D.04) : 8086 A11C class=060400
0:112  0:000  PCI (00|3D:00.00) : 144D A802 class=010802
0:112  0:000  PCI (00|00:1E.00) : 8086 A127 class=118000
0:112  0:000  PCI (00|00:1F.00) : 8086 A14E class=060100
0:112  0:000  PCI (00|00:1F.02) : 8086 A121 class=058000
0:112  0:000  PCI (00|00:1F.03) : 8086 A170 class=040300
0:112  0:000  PCI (00|00:1F.04) : 8086 A123 class=0C0500
0:112  0:000  === [ GetDefaultSettings ] ================================
0:112  0:000  Clover load options size = 0 bytes
0:135  0:022  EFI\CLOVER\config.plist loaded: Success
0:147  0:011  === [ GetListOfThemes ] ===================================
0:156  0:008  - [00]: random
0:156  0:000  - [00]: embedded
0:161  0:004  - [00]: Mojave4k
0:166  0:005  === [ Found config plists ] ===============================
0:176  0:009  - config.plist
0:176  0:000  === [ GetEarlyUserSettings ] ==============================
0:176  0:000  timeout set to 5
0:176  0:000  Custom boot CUSTOM_BOOT_APPLE (0x0)
0:176  0:000  KernelXCPM: enabled
0:176  0:000  ForceKextsToLoad: 1 requested
0:176  0:000   - [0]: System\Library\Extensions\IONetworkingFamily.kext
0:176  0:000  KextsToPatch: 1 requested
0:176  0:000   - [00]: com.apple.driver.AppleBacklight (change F%uT%04x to F%uTxxxx in AppleBacklightInjector.kext (credit RehabMan)) :: BinPatch :: data len: 9
0:176  0:000  KernelToPatch: 3 requested
0:176  0:000   - [00]: MSR 0xE2 _xcpm_idle instant reboot(c) Pike R. Alpha :: data len: 8
0:176  0:000   - [01]: Disable panic kext logging on 10.13 release kernel (credit Vandroiy) :: MatchOS: 10.13.x :: data len: 6
0:176  0:000   - [02]: Disable panic kext logging on 10.14 release kernel (credit Vandroiy) :: MatchOS: 10.14.x :: data len: 6
0:176  0:000  Default theme: Mojave4k
0:176  0:000  Hiding entries with string Preboot
0:176  0:000  Hiding entries with string Recovery
0:176  0:000  === [ LoadDrivers ] =======================================
0:179  0:002  Loading VBoxExt2.efi  status=Success
0:182  0:002   - driver needs connecting
0:182  0:000  Loading UsbKbDxe.efi  status=Success
0:185  0:002   - driver needs connecting
0:185  0:000  Loading NvmExpressDxe.efi  status=Success
0:188  0:002   - driver needs connecting
0:188  0:000  Loading VBoxExt4.efi  status=Success
0:188  0:000   - driver needs connecting
0:188  0:000  Loading AppleUITheme.efi  status=Success
0:188  0:000  Loading AppleImageLoader.efi  status=Success
0:191  0:002  Loading Fat.efi  status=Success
0:196  0:005   - driver needs connecting
0:196  0:000  Loading AppleImageCodec.efi  status=Success
0:199  0:003  Loading Ps2MouseDxe.efi  status=Success
0:204  0:005   - driver needs connecting
0:204  0:000  Loading AppleKeyAggregator.efi  status=Success
0:210  0:005  Loading PartitionDxe.efi  status=Success
0:218  0:008   - driver needs connecting
0:218  0:000  Loading NTFS.efi  status=Success
0:224  0:005   - driver needs connecting
0:224  0:000  Loading ApfsDriverLoader.efi  status=Success
0:227  0:003   - driver needs connecting
0:227  0:000  Loading UsbMouseDxe.efi  status=Success
0:232  0:005   - driver needs connecting
0:232  0:000  Loading AptioMemoryFix.efi  status=Success
0:238  0:005  10 drivers needs connecting ...
0:238  0:000  PlatformDriverOverrideProtocol not found. Installing ... Success
0:238  0:000  Partition driver loaded: 
0:238  0:000  APFS driver loaded
0:238  0:000  Searching for invalid DiskIo BY_DRIVER connects: not found, all ok
0:822  0:584  === [ InitScreen ] ========================================
0:822  0:000  Console modes reported: 4, available modes:
0:822  0:000   - [01]: 80x25
0:822  0:000   - [02]: 80x50
0:822  0:000   - [03]: 100x31 (current mode)
0:822  0:000   - [04]: 400x94
0:822  0:000  SetScreenResolution: 1440x900 - not found!
0:822  0:000  SetMaxResolution: found best mode 0: 3200x1800
0:822  0:000   - already set
0:822  0:000  SetScreenResolution: 3200x1800 - already set
0:822  0:000  reinit: self device path=PciRoot(0x0)\Pci(0x14,0x0)\USB(0x5,0x0)\HD(1,GPT,C5EA59C2-BBE9-410C-B5D8-F8368F72C4EE,0x28,0x64000)
0:825  0:002  Using embedded font: Success
0:826  0:000  === [ GetMacAddress ] =====================================
0:826  0:000  === [ ScanSPD ] ===========================================
0:826  0:000  Scanning SMBus [8086:A123], mmio: 0xDF128004, ioport: 0xF040, hostc: 0x11
0:827  0:001  === [ GetAcpiTablesList ] =================================
0:841  0:014  Get Acpi Tables List from RSDT:
0:841  0:000   - [00]: FACP  A M I  len=132
0:841  0:000   - [01]: APIC  A M I  len=188
0:841  0:000   - [02]: FPDT  A M I  len=68
0:841  0:000   - [03]: FIDT  A M I  len=156
0:841  0:000   - [04]: MCFG  A M I  len=60
0:841  0:000   - [05]: HPET  A M I  len=56
0:841  0:000   - [06]: LPIT  SKL len=148
0:841  0:000   - [07]: SSDT  sensrhub len=584
0:841  0:000   - [08]: SSDT  PtidDevc len=11182
0:841  0:000   - [09]: SSDT  Ther_Rvp len=3043
0:841  0:000   - [10]: DBGP   len=52
0:841  0:000   - [11]: DBG2   len=84
0:841  0:000   - [12]: SSDT  xh_rvp11 len=1585
0:841  0:000   - [13]: MSDM  A M I  len=85
0:841  0:000   - [14]: SSDT  SaSsdt  len=22113
0:841  0:000   - [15]: UEFI   len=66
0:841  0:000   - [16]: SSDT  CpuSsdt len=3699
0:841  0:000   - [17]: SSDT  SgPeg len=159
0:841  0:000   - [18]: DMAR  SKL  len=276
0:841  0:000   - [19]: SSDT  TbtGfx len=1329
0:841  0:000   - [20]: BGRT  A M I  len=56
0:841  0:000   - [21]: SSDT  OptTabl len=6401
0:841  0:000   - [22]: ASF!   HCG len=165
0:841  0:000  Calibrated TSC Frequency = 2592384580 = 2592MHz
0:841  0:000  === [ GetUserSettings ] ===================================
0:842  0:000  Add 2 devices:
0:842  0:000  USB FixOwnership: yes
0:842  0:000  Dropping 5 tables:
0:842  0:000   - [00]: Drop table  signature="#MCF" (46434D23)
0:842  0:000           - set table: 46434D23,                0 to drop: no
0:842  0:000   - [01]: Drop table  signature="DMAR" (52414D44)
0:842  0:000           - set table: 52414D44,                0 to drop: yes
0:842  0:000   - [02]: Drop table  signature="SSDT" (54445353) table-id="xh_rvp10" (30317076725F6878)
0:842  0:000           - set table: 54445353, 30317076725F6878 to drop: no
0:842  0:000   - [03]: Drop table  signature="SSDT" (54445353) table-id="CpuPm" (0000006D50757043)
0:842  0:000           - set table: 54445353,       6D50757043 to drop: no
0:842  0:000   - [04]: Drop table  signature="SSDT" (54445353) table-id="Cpu0Ist" (0074734930757043)
0:842  0:000           - set table: 54445353,   74734930757043 to drop: no
0:842  0:000   - final DSDT Fix mask=1FE7B1D4
0:842  0:000  PatchesDSDT: 19 requested
0:842  0:000   - [00]: (Rename oem _DSM to ZDSM) lenToFind: 4, lenToReplace: 4, Target Bridge: <null string>
0:842  0:000   - [01]: (change OSID to XSID (to avoid match against _OSI XOSI patch)) lenToFind: 4, lenToReplace: 4, Target Bridge: <null string>
0:842  0:000   - [02]: (change _DSM to XDSM) lenToFind: 4, lenToReplace: 4, Target Bridge: <null string>
0:842  0:000   - [03]: (change HDAS to HDEF) lenToFind: 4, lenToReplace: 4, Target Bridge: <null string>
0:842  0:000   - [04]: (change HECI to IMEI) lenToFind: 4, lenToReplace: 4, Target Bridge: <null string>
0:842  0:000   - [05]: (change MEI to IMEI) lenToFind: 4, lenToReplace: 4, Target Bridge: <null string>
0:842  0:000   - [06]: (change PEGP to GFX0) lenToFind: 4, lenToReplace: 4, Target Bridge: <null string>
0:842  0:000   - [07]: (change EHC1 to EH01) lenToFind: 4, lenToReplace: 4, Target Bridge: <null string>
0:842  0:000   - [08]: (change EHC2 to EH02) lenToFind: 4, lenToReplace: 4, Target Bridge: <null string>
0:842  0:000   - [09]: (change XHCI to XHC) lenToFind: 4, lenToReplace: 4, Target Bridge: <null string>
0:842  0:000   - [10]: (change XHC1 to XHC) lenToFind: 4, lenToReplace: 4, Target Bridge: <null string>
0:842  0:000   - [11]: (battery - change EC0 to EC) lenToFind: 4, lenToReplace: 4, Target Bridge: <null string>
0:842  0:000   - [12]: (battery - _BIF to XBIF (in BAT0)) lenToFind: 7, lenToReplace: 7, Target Bridge: <null string>
0:842  0:000   - [13]: (battery - _BST to XBST (in BAT0)) lenToFind: 7, lenToReplace: 7, Target Bridge: <null string>
0:842  0:000   - [14]: (trackpad - change _OSI to XOSI) lenToFind: 4, lenToReplace: 4, Target Bridge: <null string>
0:842  0:000   - [15]: (graphics - change GFX0 to IGPU) lenToFind: 4, lenToReplace: 4, Target Bridge: <null string>
0:842  0:000   - [16]: (sleep - fix GPRW(0x6d,0x04) instant wake) lenToFind: 8, lenToReplace: 8, Target Bridge: <null string>
0:842  0:000   - [17]: (sleep - fix GPRW(0x69,0x04) instant wake) lenToFind: 8, lenToReplace: 8, Target Bridge: <null string>
0:842  0:000   - [18]: (sleep - fix auto sleep by setting LIDS to One at the end of RWAK) lenToFind: 18, lenToReplace: 18, Target Bridge: <null string>
0:842  0:000  Using ProductName from config: MacBookPro13,3
0:842  0:000  Using latest BiosVersion from clover
0:842  0:000  BiosVersion: MBP133.88Z.F000.B00.1907242326
0:842  0:000  BiosReleaseDate: 07/24/2019
0:842  0:000  Using EfiVersion from clover: 259.71.1.0.0
0:842  0:000  Using FirmwareFeatures from config: 0xFC0FE13F
0:842  0:000  Using FirmwareFeaturesMask from config: 0xFF1FFF3F
0:842  0:000  Board-ID set from config as Mac-A5C67F76ED83108C
0:842  0:000  BoardType: 0xA
0:842  0:000  ChassisType: 0x9
0:842  0:000  Converted CustomUUID 9ABE78C6-F721-40BF-B04D-5E6B1AB7937E
0:845  0:002  === [ Found DSDT tables ] =================================
1:011  0:166  === [ ScanVolumes ] =======================================
1:011  0:000  Found 18 volumes with blockIO
1:011  0:000  - [00]: Volume: PciRoot(0x0)\Pci(0x14,0x0)\USB(0x5,0x0)
1:012  0:001          USB volume
1:012  0:000  - [01]: Volume: PciRoot(0x0)\Pci(0x14,0x0)\USB(0x5,0x0)\HD(1,GPT,C5EA59C2-BBE9-410C-B5D8-F8368F72C4EE,0x28,0x64000)
1:013  0:001          Result of bootcode detection: bootable unknown (legacy)
1:013  0:000          USB volume
1:013  0:000          This is SelfVolume !!
1:013  0:000  - [02]: Volume: PciRoot(0x0)\Pci(0x14,0x0)\USB(0x5,0x0)\HD(2,GPT,34B31A98-2953-49DD-AF06-FBE0C7A4775C,0x64028,0x3A2FFB0)
1:015  0:001          USB volume
1:015  0:000  - [03]: Volume: PciRoot(0x0)\Pci(0x1D,0x4)\Pci(0x0,0x0)\NVMe(0x1,00-00-00-00-00-00-00-00)
1:016  0:001  - [04]: Volume: PciRoot(0x0)\Pci(0x1D,0x4)\Pci(0x0,0x0)\NVMe(0x1,00-00-00-00-00-00-00-00)\HD(1,GPT,719B49DF-0F7A-40E3-AD7F-37FBED098C17,0x22,0x64000)
1:017  0:001          Result of bootcode detection: bootable Windows (vista,win)
1:020  0:003  - [05]: Volume: PciRoot(0x0)\Pci(0x1D,0x4)\Pci(0x0,0x0)\NVMe(0x1,00-00-00-00-00-00-00-00)\HD(2,GPT,728F33C5-D371-429D-A3DB-4886A361505A,0x64800,0xC69D67C)
1:021  0:001          Result of bootcode detection: bootable Windows (vista,win)
1:022  0:001  - [06]: Volume: PciRoot(0x0)\Pci(0x1D,0x4)\Pci(0x0,0x0)\NVMe(0x1,00-00-00-00-00-00-00-00)\HD(3,GPT,F3C3EB54-8CC2-4064-9E90-8717D2DF131B,0xC702000,0x167000)
1:023  0:001          Result of bootcode detection: bootable Windows (vista,win)
1:030  0:007  - [07]: Volume: PciRoot(0x0)\Pci(0x1D,0x4)\Pci(0x0,0x0)\NVMe(0x1,00-00-00-00-00-00-00-00)\HD(4,GPT,8ECEA9ED-2DF5-4A49-BADA-E8B11E6CE653,0xC869800,0x8000)
1:031  0:001  - [08]: Volume: PciRoot(0x0)\Pci(0x1D,0x4)\Pci(0x0,0x0)\NVMe(0x1,00-00-00-00-00-00-00-00)\HD(5,GPT,2722B8FC-3CFF-48DC-A9FE-838CB8D2A23C,0xC871800,0x12C05000)
1:032  0:001          Result of bootcode detection: bootable Windows (vista,win)
1:033  0:001  - [09]: Volume: PciRoot(0x0)\Pci(0x1D,0x4)\Pci(0x0,0x0)\NVMe(0x1,00-00-00-00-00-00-00-00)\HD(6,GPT,745820BD-32FF-44BF-8DAD-40C36914C717,0x1F476800,0xBA43800)
1:034  0:001          Result of bootcode detection: bootable unknown (legacy)
1:034  0:000  - [10]: Volume: PciRoot(0x0)\Pci(0x1D,0x4)\Pci(0x0,0x0)\NVMe(0x1,00-00-00-00-00-00-00-00)\HD(7,GPT,9889A76E-7925-4DDC-AAF7-8C48498FB313,0x2AEBA000,0x1DCD800)
1:035  0:001  - [11]: Volume: PciRoot(0x0)\Pci(0x1D,0x4)\Pci(0x0,0x0)\NVMe(0x1,00-00-00-00-00-00-00-00)\HD(8,GPT,E8BE5893-619F-4B0B-A015-127E89A5D1E4,0x2CC87800,0xED59800)
1:037  0:001  - [12]: Volume: PciRoot(0x0)\Pci(0x1D,0x4)\Pci(0x0,0x0)\NVMe(0x1,00-00-00-00-00-00-00-00)\HD(6,GPT,745820BD-32FF-44BF-8DAD-40C36914C717,0x1F476800,0xBA43800)\VenMedia(BE74FCF7-0B7C-49F3-9147-01F4042E6842,0FA7FBCBAC777C488FF429622F309F98)
1:037  0:000          hiding this volume
1:037  0:000  - [13]: Volume: PciRoot(0x0)\Pci(0x1D,0x4)\Pci(0x0,0x0)\NVMe(0x1,00-00-00-00-00-00-00-00)\HD(6,GPT,745820BD-32FF-44BF-8DAD-40C36914C717,0x1F476800,0xBA43800)\VenMedia(BE74FCF7-0B7C-49F3-9147-01F4042E6842,1A0F648789F6784F95069D8449416D58)
1:037  0:000  - [14]: Volume: PciRoot(0x0)\Pci(0x1D,0x4)\Pci(0x0,0x0)\NVMe(0x1,00-00-00-00-00-00-00-00)\HD(6,GPT,745820BD-32FF-44BF-8DAD-40C36914C717,0x1F476800,0xBA43800)\VenMedia(BE74FCF7-0B7C-49F3-9147-01F4042E6842,D23CC142843F184DBF15D2C0F145523D)
1:037  0:000          hiding this volume
1:037  0:000  - [15]: Volume: PciRoot(0x0)\Pci(0x1D,0x4)\Pci(0x0,0x0)\NVMe(0x1,00-00-00-00-00-00-00-00)\HD(6,GPT,745820BD-32FF-44BF-8DAD-40C36914C717,0x1F476800,0xBA43800)\VenMedia(BE74FCF7-0B7C-49F3-9147-01F4042E6842,90A627EF52FA0346B6D9DDF35585D90C)
1:037  0:000  - [16]: Volume: PciRoot(0x0)\Pci(0x1D,0x4)\Pci(0x0,0x0)\NVMe(0x1,00-00-00-00-00-00-00-00)\HD(6,GPT,745820BD-32FF-44BF-8DAD-40C36914C717,0x1F476800,0xBA43800)\VenMedia(BE74FCF7-0B7C-49F3-9147-01F4042E6842,11BBF65B580DA745B6F11227CAD393C7)
1:037  0:000  - [17]: Volume: PciRoot(0x0)\Pci(0x1D,0x4)\Pci(0x0,0x0)\NVMe(0x1,00-00-00-00-00-00-00-00)\HD(6,GPT,745820BD-32FF-44BF-8DAD-40C36914C717,0x1F476800,0xBA43800)\VenMedia(BE74FCF7-0B7C-49F3-9147-01F4042E6842,EEDAAE93AF60F9468C0222276F4ECA12)
1:037  0:000  No AudioIoProtocols, status=Not Found
1:037  0:000  === [ InitTheme ] =========================================
1:037  0:000  use daylight theme
1:051  0:014  Using theme 'Mojave4k' (EFI\CLOVER\themes\Mojave4k)
1:051  0:000  OS main and drive as badge
1:052  0:000  file sound read: sound.wav Not Found
1:060  0:008  Loading font from ThemeDir: Success
1:062  0:002  theme inited
1:062  0:000  Chosen theme Mojave4k
1:063  0:000  after NVRAM boot-args=-v dart=0 keepsyms=1 slide=0 kext-dev-mode=1 debug=0x100
1:063  0:000  === [ Dump SMC keys from NVRAM ] ==========================
1:063  0:000  no AppleSMC protocol
1:079  0:016  === [ ScanLoader ] ========================================
1:079  0:000  - [01]: 'EFI'
1:116  0:036          AddLoaderEntry for Volume Name=EFI
1:183  0:067          AddLoaderEntry for Volume Name=EFI
1:258  0:074          AddLoaderEntry for Volume Name=EFI
1:258  0:000          skipped because entry is hidden
1:258  0:000  - [04]: 'SYSTEM'
1:274  0:016          AddLoaderEntry for Volume Name=SYSTEM
1:305  0:031          AddLoaderEntry for Volume Name=SYSTEM
1:371  0:066          AddLoaderEntry for Volume Name=SYSTEM
1:371  0:000          skipped because entry is hidden
1:371  0:000  - [05]: ''
1:418  0:046  - [06]: ''
1:464  0:046  - [08]: 'Data'
1:511  0:046  - [12]: 'Preboot', hidden
1:511  0:000  - [13]: 'macOSX - Data'
1:573  0:061  - [14]: 'Recovery', hidden
1:573  0:000  - [15]: 'VM'
1:619  0:046  - [16]: 'Macintosh HD - Data'
1:673  0:053  - [17]: 'Macintosh HD'
1:714  0:040          AddLoaderEntry for Volume Name=Macintosh HD
1:723  0:009      hibernated: set as never
1:785  0:061  Scanning legacy ...
1:785  0:000   4: 'SYSTEM' (vista,win) add legacy
1:788  0:002   added 'Boot Windows from SYSTEM' OSType=2 Icon=vista,win
1:788  0:000   5: '' (vista,win) add legacy
1:790  0:002   added 'Boot Windows from ' OSType=2 Icon=vista,win
1:790  0:000   6: '' (vista,win) add legacy
1:792  0:002   added 'Boot Windows from ' OSType=2 Icon=vista,win
1:792  0:000   8: 'Data' (vista,win) add legacy
1:794  0:002   added 'Boot Windows from Data' OSType=2 Icon=vista,win
1:794  0:000  === [ AddCustomTool ] =====================================
1:797  0:002  found tool \EFI\CLOVER\tools\Shell64U.efi
1:797  0:000  Checking EFI partition Volume 1 for Clover
1:799  0:001   Found Clover
1:802  0:002  === [ GetEfiBootDeviceFromNvram ] =========================
1:802  0:000   - efi-boot-device-data: PciRoot(0x0)\Pci(0x14,0x0)\USB(0x5,0x0)\HD(1,GPT,C5EA59C2-BBE9-410C-B5D8-F8368F72C4EE,0x28,0x64000)\EFI\microsoft\Boot\bootmgfw.efii
1:802  0:000    - Volume: 'PciRoot(0x0)\Pci(0x14,0x0)\USB(0x5,0x0)\HD(1,GPT,C5EA59C2-BBE9-410C-B5D8-F8368F72C4EE,0x28,0x64000)'
1:802  0:000    - LoaderPath: '\EFI\microsoft\Boot\bootmgfw.efi'
1:802  0:000    - Guid = C5EA59C2-BBE9-410C-B5D8-F8368F72C4EE
1:802  0:000  === [ FindStartupDiskVolume ] =============================
1:802  0:000    - Volume: partition = PciRoot(0x0)\Pci(0x14,0x0)\USB(0x5,0x0)\HD(1,GPT,C5EA59C2-BBE9-410C-B5D8-F8368F72C4EE,0x28,0x64000)
1:802  0:000     - searching for that partition and loader '\EFI\microsoft\Boot\bootmgfw.efi'
1:802  0:000      - found entry 0. 'Boot Microsoft EFI Boot from EFI', Volume 'EFI', '\EFI\microsoft\Boot\bootmgfw.efi'
1:802  0:000  Boot redirected to Entry 0. 'Boot Microsoft EFI Boot from EFI'
1:802  0:000  DefaultIndex=0 and MainMenu.EntryCount=15
3:195  1:392  GUI ready
3:399  0:204  Found UEFI Acpi 2.0 RSDP at 3A4C3000
3:399  0:000  Saving ACPI tables from RSDP 3A4C3000 to EFI\CLOVER\ACPI\origin ...
3:399  0:000   3A4C3000: 'RSD PTR ', Rev: 2 (Acpi 2.0 or newer), Len: 36 -> RSDP.aml
3:563  0:163    (Xsdt: 3A4C30B0, Rsdt: 3A4C3028)
3:563  0:000    3A4C30B0: 'XSDT', 'A M I', Rev: 1, Len: 220 -> XSDT.aml
3:670  0:106    3A4C3028: 'RSDT', 'A M I', Rev: 1, Len: 128 -> RSDT.aml
3:776  0:106    Tables in Xsdt: 23
3:776  0:000    0. 3A4E6500: 'FACP', 'A M I', Rev: 5, Len: 268 -> FACP.aml
3:889  0:112        (Dsdt: 3A4C3218, Facs: 3AE3CF80, XDsdt: 3A4C3218, XFacs: 0)
3:889  0:000        3A4C3218: 'DSDT', 'A M I', Rev: 2, Len: 144104 -> DSDT.aml
4:041  0:151        3AE3CF80: 'FACS', Ver: 2, Len: 64 -> FACS.aml
4:207  0:166    1. 3A4E6610: 'APIC', 'A M I', Rev: 3, Len: 188 -> APIC.aml
4:320  0:112    2. 3A4E66D0: 'FPDT', 'A M I', Rev: 1, Len: 68 -> FPDT.aml
4:426  0:106    3. 3A4E6718: 'FIDT', 'A M I', Rev: 1, Len: 156 -> FIDT.aml
4:533  0:106    4. 3A4E67B8: 'MCFG', 'A M I', Rev: 1, Len: 60 -> MCFG.aml
4:646  0:112    5. 3A4E67F8: 'HPET', 'A M I', Rev: 1, Len: 56 -> HPET.aml
4:752  0:106    6. 3A4E6830: 'LPIT', 'SKL', Rev: 1, Len: 148 -> LPIT.aml
4:885  0:132    7. 3A4E68C8: 'SSDT', 'sensrhub', Rev: 2, Len: 584 -> SSDT-0-sensrhub.aml
4:997  0:112    8. 3A4E6B10: 'SSDT', 'PtidDevc', Rev: 2, Len: 11182 -> SSDT-1-PtidDevc.aml
5:119  0:121    9. 3A4E96C0: 'SSDT', 'Ther_Rvp', Rev: 2, Len: 3043 -> SSDT-2-Ther_Rvp.aml
5:231  0:112    10. 3A4EA2A8: 'DBGP', '', Rev: 1, Len: 52 -> DBGP.aml
5:358  0:126    11. 3A4EA2E0: 'DBG2', '', Rev: 0, Len: 84 -> DBG2.aml
5:513  0:155    12. 3A4EA338: 'SSDT', 'xh_rvp11', Rev: 2, Len: 1585 -> SSDT-3-xh_rvp11.aml
5:619  0:105    13. 3A4EA970: 'MSDM', 'A M I', Rev: 3, Len: 85 -> MSDM.aml
5:732  0:112    14. 3A4EA9C8: 'SSDT', 'SaSsdt', Rev: 2, Len: 22113 -> SSDT-4-SaSsdt.aml
5:839  0:107    15. 3A4F0030: 'UEFI', '', Rev: 1, Len: 66 -> UEFI.aml
5:946  0:106    16. 3A4F0078: 'SSDT', 'CpuSsdt', Rev: 2, Len: 3699 -> SSDT-5-CpuSsdt.aml (Found hidden SSDT 7 pcs)
6:058  0:112        * 3A21C698: 'SSDT', 'Cpu0Ist', Rev: 2, Len: 1500  53 53 44 54 DC 05 00 00 02 F7 50 6D 52 65 66 00 Internal length = 1500 -> SSDT-x5_0-Cpu0Ist.aml
6:192  0:133        * 3A21B618: 'SSDT', 'ApIst', Rev: 2, Len: 1450  53 53 44 54 AA 05 00 00 02 CE 50 6D 52 65 66 00 Internal length = 1450 -> SSDT-x5_1-ApIst.aml
6:313  0:120        * 3A21BC18: 'SSDT', 'Cpu0Cst', Rev: 2, Len: 895  53 53 44 54 7F 03 00 00 02 65 50 6D 52 65 66 00 Internal length = 895 -> SSDT-x5_2-Cpu0Cst.aml
6:426  0:112        * 3A21DA98: 'SSDT', 'ApCst', Rev: 2, Len: 281  53 53 44 54 19 01 00 00 02 EA 50 6D 52 65 66 00 Internal length = 281 -> SSDT-x5_3-ApCst.aml
6:538  0:112        * 3A21DF18: 'SSDT', 'Cpu0Hwp', Rev: 2, Len: 142  53 53 44 54 8E 00 00 00 02 2B 50 6D 52 65 66 00 Internal length = 142 -> SSDT-x5_4-Cpu0Hwp.aml
6:651  0:112        * 3A21D918: 'SSDT', 'ApHwp', Rev: 2, Len: 281  53 53 44 54 19 01 00 00 02 FD 50 6D 52 65 66 00 Internal length = 281 -> SSDT-x5_5-ApHwp.aml
6:764  0:112        * 3A21DC18: 'SSDT', 'HwpLvt', Rev: 2, Len: 304  53 53 44 54 30 01 00 00 02 85 50 6D 52 65 66 00 Internal length = 304 -> SSDT-x5_6-HwpLvt.aml
6:913  0:149  
6:913  0:000    17. 3A4F0EF0: 'SSDT', 'SgPeg', Rev: 2, Len: 159 -> SSDT-6-SgPeg.aml
7:026  0:112    18. 3A4F0F90: 'DMAR', 'SKL', Rev: 1, Len: 276 -> DMAR.aml
7:139  0:112    19. 3A4F10A8: 'SSDT', 'TbtGfx', Rev: 1, Len: 1329 -> SSDT-7-TbtGfx.aml
7:251  0:112    20. 3A4F15E0: 'BGRT', 'A M I', Rev: 1, Len: 56 -> BGRT.aml
7:364  0:112    21. 3A4F1618: 'SSDT', 'OptTabl', Rev: 1, Len: 6401 -> SSDT-8-OptTabl.aml
7:504  0:139    22. 3A4F2F20: 'ASF!', ' HCG', Rev: 32, Len: 165 -> ASF!.aml
7:610  0:106    Tables in Rsdt: 23
7:610  0:000    0. 3A4C3190: 'FACP', 'A M I', Rev: 2, Len: 132 -> RSDT-FACP.aml
7:717  0:106        (Dsdt: 3A4C3218, Facs: 3AE3CF40)
7:717  0:000        3A4C3218: 'DSDT', 'A M I', Rev: 2, Len: 144104
7:720  0:002        3AE3CF40: 'FACS', Ver: 0, Len: 64 -> RSDT-FACS.aml
7:846  0:126    1. 3A4E6610: 'APIC', 'A M I', Rev: 3, Len: 188
7:846  0:000    2. 3A4E66D0: 'FPDT', 'A M I', Rev: 1, Len: 68
7:846  0:000    3. 3A4E6718: 'FIDT', 'A M I', Rev: 1, Len: 156
7:846  0:000    4. 3A4E67B8: 'MCFG', 'A M I', Rev: 1, Len: 60
7:846  0:000    5. 3A4E67F8: 'HPET', 'A M I', Rev: 1, Len: 56
7:846  0:000    6. 3A4E6830: 'LPIT', 'SKL', Rev: 1, Len: 148
7:846  0:000    7. 3A4E68C8: 'SSDT', 'sensrhub', Rev: 2, Len: 584
7:846  0:000    8. 3A4E6B10: 'SSDT', 'PtidDevc', Rev: 2, Len: 11182
7:846  0:000    9. 3A4E96C0: 'SSDT', 'Ther_Rvp', Rev: 2, Len: 3043
7:846  0:000    10. 3A4EA2A8: 'DBGP', '', Rev: 1, Len: 52
7:846  0:000    11. 3A4EA2E0: 'DBG2', '', Rev: 0, Len: 84
7:846  0:000    12. 3A4EA338: 'SSDT', 'xh_rvp11', Rev: 2, Len: 1585
7:846  0:000    13. 3A4EA970: 'MSDM', 'A M I', Rev: 3, Len: 85
7:846  0:000    14. 3A4EA9C8: 'SSDT', 'SaSsdt', Rev: 2, Len: 22113
7:846  0:000    15. 3A4F0030: 'UEFI', '', Rev: 1, Len: 66
7:846  0:000    16. 3A4F0078: 'SSDT', 'CpuSsdt', Rev: 2, Len: 3699
7:846  0:000    17. 3A4F0EF0: 'SSDT', 'SgPeg', Rev: 2, Len: 159
7:846  0:000    18. 3A4F0F90: 'DMAR', 'SKL', Rev: 1, Len: 276
7:846  0:000    19. 3A4F10A8: 'SSDT', 'TbtGfx', Rev: 1, Len: 1329
7:846  0:000    20. 3A4F15E0: 'BGRT', 'A M I', Rev: 1, Len: 56
7:846  0:000    21. 3A4F1618: 'SSDT', 'OptTabl', Rev: 1, Len: 6401
7:846  0:000    22. 3A4F2F20: 'ASF!', ' HCG', Rev: 32, Len: 165
7:846  0:000  Found UEFI Acpi 1.0 RSDP at 3A4C3000
7:846  0:000  Printing ACPI tables from RSDP 3A4C3000 ...
7:846  0:000   3A4C3000: 'RSD PTR ', Rev: 2 (Acpi 2.0 or newer), Len: 36
7:846  0:000    (Xsdt: 3A4C30B0, Rsdt: 3A4C3028)
7:846  0:000    3A4C30B0: 'XSDT', 'A M I', Rev: 1, Len: 220
7:846  0:000    3A4C3028: 'RSDT', 'A M I', Rev: 1, Len: 128
7:846  0:000    Tables in Xsdt: 23
7:846  0:000    0. 3A4E6500: 'FACP', 'A M I', Rev: 5, Len: 268
7:846  0:000        (Dsdt: 3A4C3218, Facs: 3AE3CF80, XDsdt: 3A4C3218, XFacs: 0)
7:846  0:000        3A4C3218: 'DSDT', 'A M I', Rev: 2, Len: 144104
7:849  0:002        3AE3CF80: 'FACS', Ver: 2, Len: 64
7:849  0:000    1. 3A4E6610: 'APIC', 'A M I', Rev: 3, Len: 188
7:849  0:000    2. 3A4E66D0: 'FPDT', 'A M I', Rev: 1, Len: 68
7:849  0:000    3. 3A4E6718: 'FIDT', 'A M I', Rev: 1, Len: 156
7:849  0:000    4. 3A4E67B8: 'MCFG', 'A M I', Rev: 1, Len: 60
7:849  0:000    5. 3A4E67F8: 'HPET', 'A M I', Rev: 1, Len: 56
7:849  0:000    6. 3A4E6830: 'LPIT', 'SKL', Rev: 1, Len: 148
7:849  0:000    7. 3A4E68C8: 'SSDT', 'sensrhub', Rev: 2, Len: 584
7:849  0:000    8. 3A4E6B10: 'SSDT', 'PtidDevc', Rev: 2, Len: 11182
7:849  0:000    9. 3A4E96C0: 'SSDT', 'Ther_Rvp', Rev: 2, Len: 3043
7:849  0:000    10. 3A4EA2A8: 'DBGP', '', Rev: 1, Len: 52
7:849  0:000    11. 3A4EA2E0: 'DBG2', '', Rev: 0, Len: 84
7:849  0:000    12. 3A4EA338: 'SSDT', 'xh_rvp11', Rev: 2, Len: 1585
7:849  0:000    13. 3A4EA970: 'MSDM', 'A M I', Rev: 3, Len: 85
7:849  0:000    14. 3A4EA9C8: 'SSDT', 'SaSsdt', Rev: 2, Len: 22113
7:849  0:000    15. 3A4F0030: 'UEFI', '', Rev: 1, Len: 66
7:849  0:000    16. 3A4F0078: 'SSDT', 'CpuSsdt', Rev: 2, Len: 3699
7:849  0:000    17. 3A4F0EF0: 'SSDT', 'SgPeg', Rev: 2, Len: 159
7:849  0:000    18. 3A4F0F90: 'DMAR', 'SKL', Rev: 1, Len: 276
7:849  0:000    19. 3A4F10A8: 'SSDT', 'TbtGfx', Rev: 1, Len: 1329
7:849  0:000    20. 3A4F15E0: 'BGRT', 'A M I', Rev: 1, Len: 56
7:849  0:000    21. 3A4F1618: 'SSDT', 'OptTabl', Rev: 1, Len: 6401
7:849  0:000    22. 3A4F2F20: 'ASF!', ' HCG', Rev: 32, Len: 165
7:849  0:000    Tables in Rsdt: 23
7:849  0:000    0. 3A4C3190: 'FACP', 'A M I', Rev: 2, Len: 132
7:849  0:000        (Dsdt: 3A4C3218, Facs: 3AE3CF40)
7:849  0:000        3A4C3218: 'DSDT', 'A M I', Rev: 2, Len: 144104
7:851  0:002        3AE3CF40: 'FACS', Ver: 0, Len: 64
7:851  0:000    1. 3A4E6610: 'APIC', 'A M I', Rev: 3, Len: 188
7:851  0:000    2. 3A4E66D0: 'FPDT', 'A M I', Rev: 1, Len: 68
7:851  0:000    3. 3A4E6718: 'FIDT', 'A M I', Rev: 1, Len: 156
7:851  0:000    4. 3A4E67B8: 'MCFG', 'A M I', Rev: 1, Len: 60
7:851  0:000    5. 3A4E67F8: 'HPET', 'A M I', Rev: 1, Len: 56
7:851  0:000    6. 3A4E6830: 'LPIT', 'SKL', Rev: 1, Len: 148
7:851  0:000    7. 3A4E68C8: 'SSDT', 'sensrhub', Rev: 2, Len: 584
7:851  0:000    8. 3A4E6B10: 'SSDT', 'PtidDevc', Rev: 2, Len: 11182
7:851  0:000    9. 3A4E96C0: 'SSDT', 'Ther_Rvp', Rev: 2, Len: 3043
7:851  0:000    10. 3A4EA2A8: 'DBGP', '', Rev: 1, Len: 52
7:851  0:000    11. 3A4EA2E0: 'DBG2', '', Rev: 0, Len: 84
7:851  0:000    12. 3A4EA338: 'SSDT', 'xh_rvp11', Rev: 2, Len: 1585
7:851  0:000    13. 3A4EA970: 'MSDM', 'A M I', Rev: 3, Len: 85
7:851  0:000    14. 3A4EA9C8: 'SSDT', 'SaSsdt', Rev: 2, Len: 22113
7:851  0:000    15. 3A4F0030: 'UEFI', '', Rev: 1, Len: 66
7:851  0:000    16. 3A4F0078: 'SSDT', 'CpuSsdt', Rev: 2, Len: 3699
7:851  0:000    17. 3A4F0EF0: 'SSDT', 'SgPeg', Rev: 2, Len: 159
7:851  0:000    18. 3A4F0F90: 'DMAR', 'SKL', Rev: 1, Len: 276
7:851  0:000    19. 3A4F10A8: 'SSDT', 'TbtGfx', Rev: 1, Len: 1329
7:851  0:000    20. 3A4F15E0: 'BGRT', 'A M I', Rev: 1, Len: 56
7:851  0:000    21. 3A4F1618: 'SSDT', 'OptTabl', Rev: 1, Len: 6401
7:851  0:000    22. 3A4F2F20: 'ASF!', ' HCG', Rev: 32, Len: 165
9:420  1:568  Found UEFI Acpi 2.0 RSDP at 3A4C3000
9:420  0:000  Saving ACPI tables from RSDP 3A4C3000 to EFI\CLOVER\ACPI\origin ...
9:420  0:000   3A4C3000: 'RSD PTR ', Rev: 2 (Acpi 2.0 or newer), Len: 36
9:420  0:000    (Xsdt: 3A4C30B0, Rsdt: 3A4C3028)
9:420  0:000    3A4C30B0: 'XSDT', 'A M I', Rev: 1, Len: 220
9:420  0:000    3A4C3028: 'RSDT', 'A M I', Rev: 1, Len: 128
9:420  0:000    Tables in Xsdt: 23
9:420  0:000    0. 3A4E6500: 'FACP', 'A M I', Rev: 5, Len: 268
9:420  0:000        (Dsdt: 3A4C3218, Facs: 3AE3CF80, XDsdt: 3A4C3218, XFacs: 0)
9:420  0:000        3A4C3218: 'DSDT', 'A M I', Rev: 2, Len: 144104
9:422  0:002        3AE3CF80: 'FACS', Ver: 2, Len: 64
9:422  0:000    1. 3A4E6610: 'APIC', 'A M I', Rev: 3, Len: 188
9:422  0:000    2. 3A4E66D0: 'FPDT', 'A M I', Rev: 1, Len: 68
9:422  0:000    3. 3A4E6718: 'FIDT', 'A M I', Rev: 1, Len: 156
9:422  0:000    4. 3A4E67B8: 'MCFG', 'A M I', Rev: 1, Len: 60
9:422  0:000    5. 3A4E67F8: 'HPET', 'A M I', Rev: 1, Len: 56
9:422  0:000    6. 3A4E6830: 'LPIT', 'SKL', Rev: 1, Len: 148
9:422  0:000    7. 3A4E68C8: 'SSDT', 'sensrhub', Rev: 2, Len: 584
9:422  0:000    8. 3A4E6B10: 'SSDT', 'PtidDevc', Rev: 2, Len: 11182
9:422  0:000    9. 3A4E96C0: 'SSDT', 'Ther_Rvp', Rev: 2, Len: 3043
9:422  0:000    10. 3A4EA2A8: 'DBGP', '', Rev: 1, Len: 52
9:422  0:000    11. 3A4EA2E0: 'DBG2', '', Rev: 0, Len: 84
9:422  0:000    12. 3A4EA338: 'SSDT', 'xh_rvp11', Rev: 2, Len: 1585
9:422  0:000    13. 3A4EA970: 'MSDM', 'A M I', Rev: 3, Len: 85
9:422  0:000    14. 3A4EA9C8: 'SSDT', 'SaSsdt', Rev: 2, Len: 22113
9:422  0:000    15. 3A4F0030: 'UEFI', '', Rev: 1, Len: 66
9:422  0:000    16. 3A4F0078: 'SSDT', 'CpuSsdt', Rev: 2, Len: 3699
9:422  0:000    17. 3A4F0EF0: 'SSDT', 'SgPeg', Rev: 2, Len: 159
9:422  0:000    18. 3A4F0F90: 'DMAR', 'SKL', Rev: 1, Len: 276
9:422  0:000    19. 3A4F10A8: 'SSDT', 'TbtGfx', Rev: 1, Len: 1329
9:422  0:000    20. 3A4F15E0: 'BGRT', 'A M I', Rev: 1, Len: 56
9:422  0:000    21. 3A4F1618: 'SSDT', 'OptTabl', Rev: 1, Len: 6401
9:422  0:000    22. 3A4F2F20: 'ASF!', ' HCG', Rev: 32, Len: 165
9:422  0:000    Tables in Rsdt: 23
9:422  0:000    0. 3A4C3190: 'FACP', 'A M I', Rev: 2, Len: 132
9:422  0:000        (Dsdt: 3A4C3218, Facs: 3AE3CF40)
9:422  0:000        3A4C3218: 'DSDT', 'A M I', Rev: 2, Len: 144104
9:424  0:002        3AE3CF40: 'FACS', Ver: 0, Len: 64
9:424  0:000    1. 3A4E6610: 'APIC', 'A M I', Rev: 3, Len: 188
9:424  0:000    2. 3A4E66D0: 'FPDT', 'A M I', Rev: 1, Len: 68
9:424  0:000    3. 3A4E6718: 'FIDT', 'A M I', Rev: 1, Len: 156
9:424  0:000    4. 3A4E67B8: 'MCFG', 'A M I', Rev: 1, Len: 60
9:424  0:000    5. 3A4E67F8: 'HPET', 'A M I', Rev: 1, Len: 56
9:424  0:000    6. 3A4E6830: 'LPIT', 'SKL', Rev: 1, Len: 148
9:424  0:000    7. 3A4E68C8: 'SSDT', 'sensrhub', Rev: 2, Len: 584
9:424  0:000    8. 3A4E6B10: 'SSDT', 'PtidDevc', Rev: 2, Len: 11182
9:424  0:000    9. 3A4E96C0: 'SSDT', 'Ther_Rvp', Rev: 2, Len: 3043
9:424  0:000    10. 3A4EA2A8: 'DBGP', '', Rev: 1, Len: 52
9:424  0:000    11. 3A4EA2E0: 'DBG2', '', Rev: 0, Len: 84
9:424  0:000    12. 3A4EA338: 'SSDT', 'xh_rvp11', Rev: 2, Len: 1585
9:424  0:000    13. 3A4EA970: 'MSDM', 'A M I', Rev: 3, Len: 85
9:424  0:000    14. 3A4EA9C8: 'SSDT', 'SaSsdt', Rev: 2, Len: 22113
9:424  0:000    15. 3A4F0030: 'UEFI', '', Rev: 1, Len: 66
9:424  0:000    16. 3A4F0078: 'SSDT', 'CpuSsdt', Rev: 2, Len: 3699
9:424  0:000    17. 3A4F0EF0: 'SSDT', 'SgPeg', Rev: 2, Len: 159
9:424  0:000    18. 3A4F0F90: 'DMAR', 'SKL', Rev: 1, Len: 276
9:424  0:000    19. 3A4F10A8: 'SSDT', 'TbtGfx', Rev: 1, Len: 1329
9:424  0:000    20. 3A4F15E0: 'BGRT', 'A M I', Rev: 1, Len: 56
9:424  0:000    21. 3A4F1618: 'SSDT', 'OptTabl', Rev: 1, Len: 6401
9:424  0:000    22. 3A4F2F20: 'ASF!', ' HCG', Rev: 32, Len: 165
9:424  0:000  Found UEFI Acpi 1.0 RSDP at 3A4C3000
9:424  0:000  Printing ACPI tables from RSDP 3A4C3000 ...
9:424  0:000   3A4C3000: 'RSD PTR ', Rev: 2 (Acpi 2.0 or newer), Len: 36
9:424  0:000    (Xsdt: 3A4C30B0, Rsdt: 3A4C3028)
9:424  0:000    3A4C30B0: 'XSDT', 'A M I', Rev: 1, Len: 220
9:424  0:000    3A4C3028: 'RSDT', 'A M I', Rev: 1, Len: 128
9:424  0:000    Tables in Xsdt: 23
9:424  0:000    0. 3A4E6500: 'FACP', 'A M I', Rev: 5, Len: 268
9:424  0:000        (Dsdt: 3A4C3218, Facs: 3AE3CF80, XDsdt: 3A4C3218, XFacs: 0)
9:424  0:000        3A4C3218: 'DSDT', 'A M I', Rev: 2, Len: 144104
9:426  0:002        3AE3CF80: 'FACS', Ver: 2, Len: 64
9:426  0:000    1. 3A4E6610: 'APIC', 'A M I', Rev: 3, Len: 188
9:426  0:000    2. 3A4E66D0: 'FPDT', 'A M I', Rev: 1, Len: 68
9:426  0:000    3. 3A4E6718: 'FIDT', 'A M I', Rev: 1, Len: 156
9:426  0:000    4. 3A4E67B8: 'MCFG', 'A M I', Rev: 1, Len: 60
9:426  0:000    5. 3A4E67F8: 'HPET', 'A M I', Rev: 1, Len: 56
9:426  0:000    6. 3A4E6830: 'LPIT', 'SKL', Rev: 1, Len: 148
9:426  0:000    7. 3A4E68C8: 'SSDT', 'sensrhub', Rev: 2, Len: 584
9:426  0:000    8. 3A4E6B10: 'SSDT', 'PtidDevc', Rev: 2, Len: 11182
9:426  0:000    9. 3A4E96C0: 'SSDT', 'Ther_Rvp', Rev: 2, Len: 3043
9:426  0:000    10. 3A4EA2A8: 'DBGP', '', Rev: 1, Len: 52
9:426  0:000    11. 3A4EA2E0: 'DBG2', '', Rev: 0, Len: 84
9:426  0:000    12. 3A4EA338: 'SSDT', 'xh_rvp11', Rev: 2, Len: 1585
9:426  0:000    13. 3A4EA970: 'MSDM', 'A M I', Rev: 3, Len: 85
9:426  0:000    14. 3A4EA9C8: 'SSDT', 'SaSsdt', Rev: 2, Len: 22113
9:426  0:000    15. 3A4F0030: 'UEFI', '', Rev: 1, Len: 66
9:426  0:000    16. 3A4F0078: 'SSDT', 'CpuSsdt', Rev: 2, Len: 3699
9:426  0:000    17. 3A4F0EF0: 'SSDT', 'SgPeg', Rev: 2, Len: 159
9:426  0:000    18. 3A4F0F90: 'DMAR', 'SKL', Rev: 1, Len: 276
9:426  0:000    19. 3A4F10A8: 'SSDT', 'TbtGfx', Rev: 1, Len: 1329
9:426  0:000    20. 3A4F15E0: 'BGRT', 'A M I', Rev: 1, Len: 56
9:426  0:000    21. 3A4F1618: 'SSDT', 'OptTabl', Rev: 1, Len: 6401
9:426  0:000    22. 3A4F2F20: 'ASF!', ' HCG', Rev: 32, Len: 165
9:426  0:000    Tables in Rsdt: 23
9:426  0:000    0. 3A4C3190: 'FACP', 'A M I', Rev: 2, Len: 132
9:426  0:000        (Dsdt: 3A4C3218, Facs: 3AE3CF40)
9:426  0:000        3A4C3218: 'DSDT', 'A M I', Rev: 2, Len: 144104
9:429  0:002        3AE3CF40: 'FACS', Ver: 0, Len: 64
9:429  0:000    1. 3A4E6610: 'APIC', 'A M I', Rev: 3, Len: 188
9:429  0:000    2. 3A4E66D0: 'FPDT', 'A M I', Rev: 1, Len: 68
9:429  0:000    3. 3A4E6718: 'FIDT', 'A M I', Rev: 1, Len: 156
9:429  0:000    4. 3A4E67B8: 'MCFG', 'A M I', Rev: 1, Len: 60
9:429  0:000    5. 3A4E67F8: 'HPET', 'A M I', Rev: 1, Len: 56
9:429  0:000    6. 3A4E6830: 'LPIT', 'SKL', Rev: 1, Len: 148
9:429  0:000    7. 3A4E68C8: 'SSDT', 'sensrhub', Rev: 2, Len: 584
9:429  0:000    8. 3A4E6B10: 'SSDT', 'PtidDevc', Rev: 2, Len: 11182
9:429  0:000    9. 3A4E96C0: 'SSDT', 'Ther_Rvp', Rev: 2, Len: 3043
9:429  0:000    10. 3A4EA2A8: 'DBGP', '', Rev: 1, Len: 52
9:429  0:000    11. 3A4EA2E0: 'DBG2', '', Rev: 0, Len: 84
9:429  0:000    12. 3A4EA338: 'SSDT', 'xh_rvp11', Rev: 2, Len: 1585
9:429  0:000    13. 3A4EA970: 'MSDM', 'A M I', Rev: 3, Len: 85
9:429  0:000    14. 3A4EA9C8: 'SSDT', 'SaSsdt', Rev: 2, Len: 22113
9:429  0:000    15. 3A4F0030: 'UEFI', '', Rev: 1, Len: 66
9:429  0:000    16. 3A4F0078: 'SSDT', 'CpuSsdt', Rev: 2, Len: 3699
9:429  0:000    17. 3A4F0EF0: 'SSDT', 'SgPeg', Rev: 2, Len: 159
9:429  0:000    18. 3A4F0F90: 'DMAR', 'SKL', Rev: 1, Len: 276
9:429  0:000    19. 3A4F10A8: 'SSDT', 'TbtGfx', Rev: 1, Len: 1329
9:429  0:000    20. 3A4F15E0: 'BGRT', 'A M I', Rev: 1, Len: 56
9:429  0:000    21. 3A4F1618: 'SSDT', 'OptTabl', Rev: 1, Len: 6401
9:429  0:000    22. 3A4F2F20: 'ASF!', ' HCG', Rev: 32, Len: 165
13:771  4:342  exit from MainMenu 1
13:771  0:000  Boot option Boot0000 not found
13:771  0:000  === [ StartLoader ] =======================================
13:771  0:000  Finally: ExternalClock=25MHz BusSpeed=99708kHz CPUFreq=2592MHz PIS: hw.busfrequency=100000000Hz
13:771  0:000  Loading boot.efi  status=Success
13:880  0:108  GetOSVersion: 10.15.1 (19B88)
13:880  0:000  CSR_CFG: CSR_ALLOW_UNTRUSTED_KEXTS | CSR_ALLOW_UNRESTRICTED_FS | CSR_ALLOW_TASK_FOR_PID | CSR_ALLOW_UNRESTRICTED_DTRACE | CSR_ALLOW_UNRESTRICTED_NVRAM | CSR_ALLOW_DEVICE_CONFIGURATION | CSR_ALLOW_ANY_RECOVERY_OS | CSR_ALLOW_UNAPPROVED_KEXTS
13:880  0:000  Filtering KextPatches:
13:880  0:000   - [00]: com.apple.driver.AppleBacklight (change F%uT%04x to F%uTxxxx in AppleBacklightInjector.kext (credit RehabMan)) :: BinPatch :: [OS: 10.15.1 | MatchOS: All | MatchBuild: All] ==> allowed
13:880  0:000  Filtering KernelPatches:
13:880  0:000   - [00]: MSR 0xE2 _xcpm_idle instant reboot(c) Pike R. Alpha :: [OS: 10.15.1 | MatchOS: All | MatchBuild: no] ==> allowed by OS
13:880  0:000   - [01]: Disable panic kext logging on 10.13 release kernel (credit Vandroiy) :: [OS: 10.15.1 | MatchOS: 10.13.x | MatchBuild: no] ==> not allowed by OS
13:880  0:000   - [02]: Disable panic kext logging on 10.14 release kernel (credit Vandroiy) :: [OS: 10.15.1 | MatchOS: 10.14.x | MatchBuild: no] ==> not allowed by OS
13:880  0:000  Will not patch boot.efi
13:880  0:000  === [ PatchSmbios ] =======================================
13:880  0:000  insert table 9 for dev 0:0
13:880  0:000  insert table 9 for dev 0:0
13:880  0:000  Table 11 present, but rewritten for us
13:880  0:000  Trusting SMBIOS...
13:880  0:000  Channels: 2
13:880  0:000  Interleave: 0 2 1 3 4 6 5 7 8 10 9 11 12 14 13 15 16 18 17 19 20 22 21 23
13:880  0:000   partNum=M471A5244BB0-CPB    
13:880  0:000  SMBIOS Type 17 Index = 0 => 0 0:
13:880  0:000  BANK 0 DIMM0 2133MHz 8192MB
13:880  0:000   partNum=M471A5244BB0-CPB    
13:880  0:000  SMBIOS Type 17 Index = 1 => 2 2:
13:880  0:000  BANK 1 DIMM0 2133MHz 8192MB
13:880  0:000  mTotalSystemMemory = 16384
13:880  0:000  NumberOfMemoryDevices = 2
13:880  0:000  Type20[0]->End = 0x7FFFFF, Type17[0] = 0x2000
13:880  0:000  Type20[1]->End = 0xFFFFFF, Type17[1] = 0x6000
13:880  0:000  Table 131 is present, CPUType=31
13:880  0:000  Change to: 705
13:880  0:000  === [ PatchACPI ] =========================================
13:880  0:000  Xsdt reallocation done
13:880  0:000  old FADT length=10C
13:880  0:000   SignatureFixup: 0xA0818FFE -> 0x0
13:880  0:000  Found OperationRegion(GNVS, SystemMemory, 3AE3B000, ...)
13:880  0:000  Found OperationRegion(CPSB, SystemMemory, 3A252F18, ...)
13:880  0:000  Found OperationRegion(PNVA, SystemMemory, 3AE3CC98, ...)
13:881  0:000  Found OperationRegion(THBA, SystemMemory, FE200000, ...)
13:882  0:001  Found OperationRegion(ITSS, SystemMemory, FDC43100, ...)
13:882  0:000  Found OperationRegion(MRCT, SystemMemory, FED15F54, ...)
13:882  0:000  Found OperationRegion(ABNV, SystemMemory, FFFF0000, ...)
13:882  0:000  Found OperationRegion(TMMB, SystemMemory, FED40000, ...)
13:882  0:000  Found OperationRegion(CRBD, SystemMemory, FED40000, ...)
13:882  0:000  Found OperationRegion(TPMR, SystemMemory, FFFFFFFF, ...)
13:888  0:005  Apply DsdtFixMask=0x1FE7B1D4
13:888  0:000     drop _DSM mask=0xFFFF
13:888  0:000  === [ FixBiosDsdt ] =======================================
13:888  0:000  Patching DSDT:
13:888  0:000   - [Rename oem _DSM to ZDSM]: pattern 5F44534D, patched at: [ (2F28) (416) (3A2) (3A2) (3A2) (3A2) (3A2) (3A2) (3A2) (3A2) (3A2) (3A2) (3A2) (3A2) (3A2) (3A2) (3A2) (3A2) (3A2) (3A2) (3A2) (1C07) (97) (52) (C7B) (111) (67D) (4B1) (11) (51) (22) (21) (15) (14) (1E) (1450) (F1) (F1) (F1) (F1) (F1) (DA) (DA) (E8) (131) (131) (2C0) (4AC) (103F) (14A) (A1) (2F) (49E) (197D) (2E8F) (36D) (5D4) (5D4) (5D4) (5ED) (5D4) (5D4) (5D4) (5ED) (5D4) (5D4) (5D4) (5D4) (5D4) (5D4) (5D4) (5D4) (5D4) (5D4) (5D4) (26B4) (18CF) (207) (203) (203) (219) (20F) (210) (210) (4E4) (913) (916) (916) (18B4) ]
13:888  0:000   - [change OSID to XSID (to avoid match against _OSI XOSI patch)]: pattern 4F534944, bin not found / already patched!
13:889  0:000   - [change _DSM to XDSM]: pattern 5F44534D, bin not found / already patched!
13:889  0:000   - [change HDAS to HDEF]: pattern 48444153, patched at: [ (9258) (1A60) (86) (D) (A1) (6A) ]
13:889  0:000   - [change HECI to IMEI]: pattern 48454349, patched at: [ (E75E) ]
13:889  0:000   - [change MEI to IMEI]: pattern 4D45495F, bin not found / already patched!
13:889  0:000   - [change PEGP to GFX0]: pattern 50454750, patched at: [ (30DF) (31) (31) (ECFE) (1030E) (30) (30) (30) (30) ]
13:890  0:000   - [change EHC1 to EH01]: pattern 45484331, bin not found / already patched!
13:890  0:000   - [change EHC2 to EH02]: pattern 45484332, bin not found / already patched!
13:890  0:000   - [change XHCI to XHC]: pattern 58484349, patched at: [ (ABFA) ]
13:890  0:000   - [change XHC1 to XHC]: pattern 58484331, bin not found / already patched!
13:890  0:000   - [battery - change EC0 to EC]: pattern 4543305F, patched at: [ (21E69) (523) (9) (BD) (9) (F) (10) (10) (11) (15) (14) (76) (9) (F) (F) (10) (10) (51) (9) ]
13:890  0:000   - [battery - _BIF to XBIF (in BAT0)]: pattern 144C105F, bin not found / already patched!
13:891  0:000   - [battery - _BST to XBST (in BAT0)]: pattern 14440A5F, patched at: [ (22557) ]
13:891  0:000   - [trackpad - change _OSI to XOSI]: pattern 5F4F5349, patched at: [ (7F2D) (7E9A) (3) (11) (18) (1C) (1C) (1A) (18) (18) (18) (18) ]
13:891  0:000   - [graphics - change GFX0 to IGPU]: pattern 47465830, patched at: [ (2F11) (1CA) (31) (31) (4FAF) (6F5A) (1B) (2DCE) (1442) (14) (7A40) (1666) (5E02) (30) (30) (30) (30) (44C) ]
13:891  0:000   - [sleep - fix GPRW(0x6d,0x04) instant wake]: pattern 47505257, patched at: [ (A257) (146) (8BB) (A9) ]
13:891  0:000   - [sleep - fix GPRW(0x69,0x04) instant wake]: pattern 47505257, patched at: [ (3560) (86) (310) (86) (310) (86) (310) (86) (310) (86) (310) (86) (310) (86) (310) (86) (310) (86) (310) (86) (310) (86) (310) (86) (310) (86) (310) (86) (310) (86) (310) (86) (310) (86) (310) (86) (310) (86) (310) (86) ]
13:892  0:000   - [sleep - fix auto sleep by setting LIDS to One at the end of RWAK]: pattern 7B600A04, bin not found / already patched!
13:892  0:000    0 replacements
13:893  0:000  found RTC Length not match, Maybe will cause CMOS reset, will patch it.
13:893  0:000  found RTC had IRQNoFlag will move -3 bytes
13:893  0:000  found PIC had IRQNoFlag will move -3 bytes
13:893  0:000  Start HPET Fix
13:894  0:001  Start Display0 Fix
13:895  0:000  Found internal video device 0 @30F2
13:895  0:000  Creating Method(_DSM) for 10DE card
13:895  0:000  patch Display #0 of Vendor=0x10DE
13:896  0:001  NewName HDEF already present, renaming impossible
13:896  0:000   deleting device CRT_
13:897  0:000   deleting device DVI_
13:897  0:000   deleting device SPKR
13:898  0:000   deleting device ECP_
13:898  0:000   deleting device LPT_
13:899  0:000   deleting device FDC0
13:899  0:000   deleting device ECP1
13:899  0:000   deleting device LPT1
13:902  0:002    indirect name=PNVB
13:902  0:000  OperationRegion (THBA...) corrected from 0x0 to addr=0xFE200000
13:902  0:000    indirect name=TPMM
13:902  0:000    indirect name=FTPM
13:903  0:000  Name AC0_ﱍ present at 0x22204, renaming to ADP1
13:903  0:000  Name AC0_ﱍ present at 0x2250B, renaming to ADP1
13:904  0:001  PreCleanup XSDT: count=23, length=220
13:904  0:000  PreCleanup XSDT, corrected XSDT: count=23, length=220
13:904  0:000  === [ ACPIPatchedAML ] ====================================
13:904  0:000  AutoMerge pass 1
13:904  0:000  Unsorted
13:904  0:000  Inserting SSDT-PNLF.aml from EFI\CLOVER\ACPI\patched: ignore on pass 1
13:904  0:000  Inserting SSDT-USBX.aml from EFI\CLOVER\ACPI\patched: ignore on pass 1
13:904  0:000  Inserting SSDT-UIAC-ALL.aml from EFI\CLOVER\ACPI\patched: ignore on pass 1
13:904  0:000  Inserting SSDT-XOSI.aml from EFI\CLOVER\ACPI\patched: ignore on pass 1
13:904  0:000  === [ ACPIDropTables ] ====================================
13:904  0:000  Drop tables from XSDT, SIGN=DMAR TableID=SKL  Length=276
13:904  0:000   Table[18]: DMAR  SKL   276 dropped
13:904  0:000  Patching SSDT sensrhub Length=584
13:904  0:000  0. [Rename oem _DSM to ZDSM]: pattern 5F44534D, patched at: [ (51) ]
13:904  0:000  1. [change OSID to XSID (to avoid match against _OSI XOSI patch)]: pattern 4F534944, bin not found / already patched!
13:904  0:000  2. [change _DSM to XDSM]: pattern 5F44534D, bin not found / already patched!
13:904  0:000  3. [change HDAS to HDEF]: pattern 48444153, bin not found / already patched!
13:904  0:000  4. [change HECI to IMEI]: pattern 48454349, bin not found / already patched!
13:904  0:000  5. [change MEI to IMEI]: pattern 4D45495F, bin not found / already patched!
13:904  0:000  6. [change PEGP to GFX0]: pattern 50454750, bin not found / already patched!
13:904  0:000  7. [change EHC1 to EH01]: pattern 45484331, bin not found / already patched!
13:904  0:000  8. [change EHC2 to EH02]: pattern 45484332, bin not found / already patched!
13:904  0:000  9. [change XHCI to XHC]: pattern 58484349, bin not found / already patched!
13:904  0:000  10. [change XHC1 to XHC]: pattern 58484331, bin not found / already patched!
13:904  0:000  11. [battery - change EC0 to EC]: pattern 4543305F, bin not found / already patched!
13:904  0:000  12. [battery - _BIF to XBIF (in BAT0)]: pattern 144C105F, bin not found / already patched!
13:904  0:000  13. [battery - _BST to XBST (in BAT0)]: pattern 14440A5F, bin not found / already patched!
13:904  0:000  14. [trackpad - change _OSI to XOSI]: pattern 5F4F5349, bin not found / already patched!
13:904  0:000  15. [graphics - change GFX0 to IGPU]: pattern 47465830, bin not found / already patched!
13:904  0:000  16. [sleep - fix GPRW(0x6d,0x04) instant wake]: pattern 47505257, bin not found / already patched!
13:904  0:000  17. [sleep - fix GPRW(0x69,0x04) instant wake]: pattern 47505257, bin not found / already patched!
13:904  0:000  18. [sleep - fix auto sleep by setting LIDS to One at the end of RWAK]: pattern 7B600A04, bin not found / already patched!
13:904  0:000    0 replacements
13:904  0:000  Patching SSDT PtidDevc Length=11182
13:904  0:000  0. [Rename oem _DSM to ZDSM]: pattern 5F44534D, bin not found / already patched!
13:904  0:000  1. [change OSID to XSID (to avoid match against _OSI XOSI patch)]: pattern 4F534944, bin not found / already patched!
13:904  0:000  2. [change _DSM to XDSM]: pattern 5F44534D, bin not found / already patched!
13:904  0:000  3. [change HDAS to HDEF]: pattern 48444153, bin not found / already patched!
13:904  0:000  4. [change HECI to IMEI]: pattern 48454349, bin not found / already patched!
13:904  0:000  5. [change MEI to IMEI]: pattern 4D45495F, bin not found / already patched!
13:904  0:000  6. [change PEGP to GFX0]: pattern 50454750, bin not found / already patched!
13:904  0:000  7. [change EHC1 to EH01]: pattern 45484331, bin not found / already patched!
13:904  0:000  8. [change EHC2 to EH02]: pattern 45484332, bin not found / already patched!
13:904  0:000  9. [change XHCI to XHC]: pattern 58484349, bin not found / already patched!
13:904  0:000  10. [change XHC1 to XHC]: pattern 58484331, bin not found / already patched!
13:904  0:000  11. [battery - change EC0 to EC]: pattern 4543305F, bin not found / already patched!
13:904  0:000  12. [battery - _BIF to XBIF (in BAT0)]: pattern 144C105F, bin not found / already patched!
13:904  0:000  13. [battery - _BST to XBST (in BAT0)]: pattern 14440A5F, bin not found / already patched!
13:904  0:000  14. [trackpad - change _OSI to XOSI]: pattern 5F4F5349, bin not found / already patched!
13:904  0:000  15. [graphics - change GFX0 to IGPU]: pattern 47465830, bin not found / already patched!
13:904  0:000  16. [sleep - fix GPRW(0x6d,0x04) instant wake]: pattern 47505257, bin not found / already patched!
13:904  0:000  17. [sleep - fix GPRW(0x69,0x04) instant wake]: pattern 47505257, bin not found / already patched!
13:904  0:000  18. [sleep - fix auto sleep by setting LIDS to One at the end of RWAK]: pattern 7B600A04, bin not found / already patched!
13:904  0:000    0 replacements
13:904  0:000  Patching SSDT Ther_Rvp Length=3043
13:904  0:000  0. [Rename oem _DSM to ZDSM]: pattern 5F44534D, bin not found / already patched!
13:904  0:000  1. [change OSID to XSID (to avoid match against _OSI XOSI patch)]: pattern 4F534944, bin not found / already patched!
13:904  0:000  2. [change _DSM to XDSM]: pattern 5F44534D, bin not found / already patched!
13:904  0:000  3. [change HDAS to HDEF]: pattern 48444153, bin not found / already patched!
13:904  0:000  4. [change HECI to IMEI]: pattern 48454349, bin not found / already patched!
13:904  0:000  5. [change MEI to IMEI]: pattern 4D45495F, bin not found / already patched!
13:904  0:000  6. [change PEGP to GFX0]: pattern 50454750, bin not found / already patched!
13:904  0:000  7. [change EHC1 to EH01]: pattern 45484331, bin not found / already patched!
13:904  0:000  8. [change EHC2 to EH02]: pattern 45484332, bin not found / already patched!
13:904  0:000  9. [change XHCI to XHC]: pattern 58484349, bin not found / already patched!
13:904  0:000  10. [change XHC1 to XHC]: pattern 58484331, bin not found / already patched!
13:904  0:000  11. [battery - change EC0 to EC]: pattern 4543305F, bin not found / already patched!
13:904  0:000  12. [battery - _BIF to XBIF (in BAT0)]: pattern 144C105F, bin not found / already patched!
13:904  0:000  13. [battery - _BST to XBST (in BAT0)]: pattern 14440A5F, bin not found / already patched!
13:904  0:000  14. [trackpad - change _OSI to XOSI]: pattern 5F4F5349, bin not found / already patched!
13:904  0:000  15. [graphics - change GFX0 to IGPU]: pattern 47465830, bin not found / already patched!
13:904  0:000  16. [sleep - fix GPRW(0x6d,0x04) instant wake]: pattern 47505257, bin not found / already patched!
13:904  0:000  17. [sleep - fix GPRW(0x69,0x04) instant wake]: pattern 47505257, bin not found / already patched!
13:904  0:000  18. [sleep - fix auto sleep by setting LIDS to One at the end of RWAK]: pattern 7B600A04, bin not found / already patched!
13:904  0:000    0 replacements
13:904  0:000  Patching SSDT xh_rvp11 Length=1585
13:904  0:000  0. [Rename oem _DSM to ZDSM]: pattern 5F44534D, bin not found / already patched!
13:904  0:000  1. [change OSID to XSID (to avoid match against _OSI XOSI patch)]: pattern 4F534944, bin not found / already patched!
13:904  0:000  2. [change _DSM to XDSM]: pattern 5F44534D, bin not found / already patched!
13:904  0:000  3. [change HDAS to HDEF]: pattern 48444153, bin not found / already patched!
13:904  0:000  4. [change HECI to IMEI]: pattern 48454349, bin not found / already patched!
13:904  0:000  5. [change MEI to IMEI]: pattern 4D45495F, bin not found / already patched!
13:904  0:000  6. [change PEGP to GFX0]: pattern 50454750, bin not found / already patched!
13:904  0:000  7. [change EHC1 to EH01]: pattern 45484331, bin not found / already patched!
13:904  0:000  8. [change EHC2 to EH02]: pattern 45484332, bin not found / already patched!
13:904  0:000  9. [change XHCI to XHC]: pattern 58484349, bin not found / already patched!
13:904  0:000  10. [change XHC1 to XHC]: pattern 58484331, bin not found / already patched!
13:904  0:000  11. [battery - change EC0 to EC]: pattern 4543305F, bin not found / already patched!
13:904  0:000  12. [battery - _BIF to XBIF (in BAT0)]: pattern 144C105F, bin not found / already patched!
13:904  0:000  13. [battery - _BST to XBST (in BAT0)]: pattern 14440A5F, bin not found / already patched!
13:904  0:000  14. [trackpad - change _OSI to XOSI]: pattern 5F4F5349, bin not found / already patched!
13:904  0:000  15. [graphics - change GFX0 to IGPU]: pattern 47465830, bin not found / already patched!
13:904  0:000  16. [sleep - fix GPRW(0x6d,0x04) instant wake]: pattern 47505257, bin not found / already patched!
13:904  0:000  17. [sleep - fix GPRW(0x69,0x04) instant wake]: pattern 47505257, bin not found / already patched!
13:904  0:000  18. [sleep - fix auto sleep by setting LIDS to One at the end of RWAK]: pattern 7B600A04, bin not found / already patched!
13:904  0:000    0 replacements
13:904  0:000  Patching SSDT SaSsdt  Length=22113
13:904  0:000  0. [Rename oem _DSM to ZDSM]: pattern 5F44534D, patched at: [ (45E) (44F) (345) (2C04) ]
13:904  0:000  1. [change OSID to XSID (to avoid match against _OSI XOSI patch)]: pattern 4F534944, bin not found / already patched!
13:904  0:000  2. [change _DSM to XDSM]: pattern 5F44534D, bin not found / already patched!
13:905  0:000  3. [change HDAS to HDEF]: pattern 48444153, bin not found / already patched!
13:905  0:000  4. [change HECI to IMEI]: pattern 48454349, bin not found / already patched!
13:905  0:000  5. [change MEI to IMEI]: pattern 4D45495F, bin not found / already patched!
13:905  0:000  6. [change PEGP to GFX0]: pattern 50454750, patched at: [ (623) (24) (9D) (26) (C9) (13) (32E) (13) (330) (13) (47B3) ]
13:905  0:000  7. [change EHC1 to EH01]: pattern 45484331, bin not found / already patched!
13:905  0:000  8. [change EHC2 to EH02]: pattern 45484332, bin not found / already patched!
13:905  0:000  9. [change XHCI to XHC]: pattern 58484349, bin not found / already patched!
13:905  0:000  10. [change XHC1 to XHC]: pattern 58484331, bin not found / already patched!
13:905  0:000  11. [battery - change EC0 to EC]: pattern 4543305F, bin not found / already patched!
13:905  0:000  12. [battery - _BIF to XBIF (in BAT0)]: pattern 144C105F, bin not found / already patched!
13:905  0:000  13. [battery - _BST to XBST (in BAT0)]: pattern 14440A5F, bin not found / already patched!
13:905  0:000  14. [trackpad - change _OSI to XOSI]: pattern 5F4F5349, bin not found / already patched!
13:905  0:000  15. [graphics - change GFX0 to IGPU]: pattern 47465830, patched at: [ (623) (24) (9D) (26) (C9) (13) (32E) (13) (330) (13) (3C) (1C8A) (A66) (1D) (716) (1940) ]
13:905  0:000  16. [sleep - fix GPRW(0x6d,0x04) instant wake]: pattern 47505257, bin not found / already patched!
13:905  0:000  17. [sleep - fix GPRW(0x69,0x04) instant wake]: pattern 47505257, patched at: [ (421) (3FA) (49) (2F0) (49) (2F2) ]
13:905  0:000  18. [sleep - fix auto sleep by setting LIDS to One at the end of RWAK]: pattern 7B600A04, bin not found / already patched!
13:905  0:000    0 replacements
13:905  0:000  Found OperationRegion(SANV, SystemMemory, 3AE2AD98, ...)
13:905  0:000  Patching SSDT CpuSsdt Length=3699
13:905  0:000  0. [Rename oem _DSM to ZDSM]: pattern 5F44534D, bin not found / already patched!
13:905  0:000  1. [change OSID to XSID (to avoid match against _OSI XOSI patch)]: pattern 4F534944, bin not found / already patched!
13:905  0:000  2. [change _DSM to XDSM]: pattern 5F44534D, bin not found / already patched!
13:905  0:000  3. [change HDAS to HDEF]: pattern 48444153, bin not found / already patched!
13:905  0:000  4. [change HECI to IMEI]: pattern 48454349, bin not found / already patched!
13:905  0:000  5. [change MEI to IMEI]: pattern 4D45495F, bin not found / already patched!
13:905  0:000  6. [change PEGP to GFX0]: pattern 50454750, bin not found / already patched!
13:905  0:000  7. [change EHC1 to EH01]: pattern 45484331, bin not found / already patched!
13:905  0:000  8. [change EHC2 to EH02]: pattern 45484332, bin not found / already patched!
13:905  0:000  9. [change XHCI to XHC]: pattern 58484349, bin not found / already patched!
13:905  0:000  10. [change XHC1 to XHC]: pattern 58484331, bin not found / already patched!
13:905  0:000  11. [battery - change EC0 to EC]: pattern 4543305F, bin not found / already patched!
13:905  0:000  12. [battery - _BIF to XBIF (in BAT0)]: pattern 144C105F, bin not found / already patched!
13:905  0:000  13. [battery - _BST to XBST (in BAT0)]: pattern 14440A5F, bin not found / already patched!
13:905  0:000  14. [trackpad - change _OSI to XOSI]: pattern 5F4F5349, bin not found / already patched!
13:905  0:000  15. [graphics - change GFX0 to IGPU]: pattern 47465830, bin not found / already patched!
13:905  0:000  16. [sleep - fix GPRW(0x6d,0x04) instant wake]: pattern 47505257, bin not found / already patched!
13:905  0:000  17. [sleep - fix GPRW(0x69,0x04) instant wake]: pattern 47505257, bin not found / already patched!
13:905  0:000  18. [sleep - fix auto sleep by setting LIDS to One at the end of RWAK]: pattern 7B600A04, bin not found / already patched!
13:905  0:000    0 replacements
13:905  0:000  Found OperationRegion(PNVS, SystemMemory, 34DFC000, ...)
13:905  0:000  Patching SSDT SgPeg Length=159
13:905  0:000  0. [Rename oem _DSM to ZDSM]: pattern 5F44534D, bin not found / already patched!
13:905  0:000  1. [change OSID to XSID (to avoid match against _OSI XOSI patch)]: pattern 4F534944, bin not found / already patched!
13:905  0:000  2. [change _DSM to XDSM]: pattern 5F44534D, bin not found / already patched!
13:905  0:000  3. [change HDAS to HDEF]: pattern 48444153, bin not found / already patched!
13:905  0:000  4. [change HECI to IMEI]: pattern 48454349, bin not found / already patched!
13:905  0:000  5. [change MEI to IMEI]: pattern 4D45495F, bin not found / already patched!
13:905  0:000  6. [change PEGP to GFX0]: pattern 50454750, patched at: [ (22) ]
13:905  0:000  7. [change EHC1 to EH01]: pattern 45484331, bin not found / already patched!
13:905  0:000  8. [change EHC2 to EH02]: pattern 45484332, bin not found / already patched!
13:905  0:000  9. [change XHCI to XHC]: pattern 58484349, bin not found / already patched!
13:905  0:000  10. [change XHC1 to XHC]: pattern 58484331, bin not found / already patched!
13:905  0:000  11. [battery - change EC0 to EC]: pattern 4543305F, bin not found / already patched!
13:905  0:000  12. [battery - _BIF to XBIF (in BAT0)]: pattern 144C105F, bin not found / already patched!
13:905  0:000  13. [battery - _BST to XBST (in BAT0)]: pattern 14440A5F, bin not found / already patched!
13:905  0:000  14. [trackpad - change _OSI to XOSI]: pattern 5F4F5349, bin not found / already patched!
13:905  0:000  15. [graphics - change GFX0 to IGPU]: pattern 47465830, patched at: [ (22) ]
13:905  0:000  16. [sleep - fix GPRW(0x6d,0x04) instant wake]: pattern 47505257, bin not found / already patched!
13:905  0:000  17. [sleep - fix GPRW(0x69,0x04) instant wake]: pattern 47505257, bin not found / already patched!
13:905  0:000  18. [sleep - fix auto sleep by setting LIDS to One at the end of RWAK]: pattern 7B600A04, bin not found / already patched!
13:905  0:000    0 replacements
13:905  0:000  Patching SSDT TbtGfx Length=1329
13:905  0:000  0. [Rename oem _DSM to ZDSM]: pattern 5F44534D, bin not found / already patched!
13:905  0:000  1. [change OSID to XSID (to avoid match against _OSI XOSI patch)]: pattern 4F534944, bin not found / already patched!
13:905  0:000  2. [change _DSM to XDSM]: pattern 5F44534D, bin not found / already patched!
13:905  0:000  3. [change HDAS to HDEF]: pattern 48444153, bin not found / already patched!
13:905  0:000  4. [change HECI to IMEI]: pattern 48454349, bin not found / already patched!
13:905  0:000  5. [change MEI to IMEI]: pattern 4D45495F, bin not found / already patched!
13:905  0:000  6. [change PEGP to GFX0]: pattern 50454750, bin not found / already patched!
13:905  0:000  7. [change EHC1 to EH01]: pattern 45484331, bin not found / already patched!
13:905  0:000  8. [change EHC2 to EH02]: pattern 45484332, bin not found / already patched!
13:905  0:000  9. [change XHCI to XHC]: pattern 58484349, bin not found / already patched!
13:905  0:000  10. [change XHC1 to XHC]: pattern 58484331, bin not found / already patched!
13:905  0:000  11. [battery - change EC0 to EC]: pattern 4543305F, bin not found / already patched!
13:905  0:000  12. [battery - _BIF to XBIF (in BAT0)]: pattern 144C105F, bin not found / already patched!
13:905  0:000  13. [battery - _BST to XBST (in BAT0)]: pattern 14440A5F, bin not found / already patched!
13:905  0:000  14. [trackpad - change _OSI to XOSI]: pattern 5F4F5349, bin not found / already patched!
13:905  0:000  15. [graphics - change GFX0 to IGPU]: pattern 47465830, patched at: [ (1E) ]
13:905  0:000  16. [sleep - fix GPRW(0x6d,0x04) instant wake]: pattern 47505257, bin not found / already patched!
13:905  0:000  17. [sleep - fix GPRW(0x69,0x04) instant wake]: pattern 47505257, bin not found / already patched!
13:905  0:000  18. [sleep - fix auto sleep by setting LIDS to One at the end of RWAK]: pattern 7B600A04, bin not found / already patched!
13:905  0:000    0 replacements
13:905  0:000  Patching SSDT OptTabl Length=6401
13:905  0:000  0. [Rename oem _DSM to ZDSM]: pattern 5F44534D, patched at: [ (2BF) (15BA) (41) (11) ]
13:905  0:000  1. [change OSID to XSID (to avoid match against _OSI XOSI patch)]: pattern 4F534944, bin not found / already patched!
13:905  0:000  2. [change _DSM to XDSM]: pattern 5F44534D, bin not found / already patched!
13:905  0:000  3. [change HDAS to HDEF]: pattern 48444153, bin not found / already patched!
13:905  0:000  4. [change HECI to IMEI]: pattern 48454349, bin not found / already patched!
13:905  0:000  5. [change MEI to IMEI]: pattern 4D45495F, bin not found / already patched!
13:905  0:000  6. [change PEGP to GFX0]: pattern 50454750, patched at: [ (51) (6C4) (30) (1C4) (41) (38A) (87) (17) (14) (1B) (76) (513) (50A) ]
13:905  0:000  7. [change EHC1 to EH01]: pattern 45484331, bin not found / already patched!
13:905  0:000  8. [change EHC2 to EH02]: pattern 45484332, bin not found / already patched!
13:905  0:000  9. [change XHCI to XHC]: pattern 58484349, bin not found / already patched!
13:905  0:000  10. [change XHC1 to XHC]: pattern 58484331, bin not found / already patched!
13:905  0:000  11. [battery - change EC0 to EC]: pattern 4543305F, patched at: [ (E5B) (1B) (FC) (1B) ]
13:905  0:000  12. [battery - _BIF to XBIF (in BAT0)]: pattern 144C105F, bin not found / already patched!
13:905  0:000  13. [battery - _BST to XBST (in BAT0)]: pattern 14440A5F, bin not found / already patched!
13:905  0:000  14. [trackpad - change _OSI to XOSI]: pattern 5F4F5349, patched at: [ (112C) ]
13:906  0:000  15. [graphics - change GFX0 to IGPU]: pattern 47465830, patched at: [ (51) (283) (8D) (3AC) (30) (143) (7D) (41) (38A) (87) (17) (14) (1B) (76) (513) (50A) (56) (11) ]
13:906  0:000  16. [sleep - fix GPRW(0x6d,0x04) instant wake]: pattern 47505257, bin not found / already patched!
13:906  0:000  17. [sleep - fix GPRW(0x69,0x04) instant wake]: pattern 47505257, bin not found / already patched!
13:906  0:000  18. [sleep - fix auto sleep by setting LIDS to One at the end of RWAK]: pattern 7B600A04, bin not found / already patched!
13:906  0:000    0 replacements
13:906  0:000  === [ ACPIPatchedAML ] ====================================
13:906  0:000  AutoMerge pass 2
13:906  0:000  Unsorted
13:906  0:000  Inserting SSDT-PNLF.aml from EFI\CLOVER\ACPI\patched: size=104 ... Success
13:908  0:002  Inserting SSDT-USBX.aml from EFI\CLOVER\ACPI\patched: size=185 ... Success
13:908  0:000  Inserting SSDT-UIAC-ALL.aml from EFI\CLOVER\ACPI\patched: size=504 ... Success
13:908  0:000  Inserting SSDT-XOSI.aml from EFI\CLOVER\ACPI\patched: size=162 ... Success
13:908  0:000  CPUBase=0 and ApicCPUBase=1 ApicCPUNum=1
13:908  0:000  Maximum control=0x1A
13:908  0:000  Turbo control=0x23
13:908  0:000  P-States: min 0x8, max 0x23
13:908  0:000  SSDT with plugin-type without P-States is generated
13:908  0:000  SSDT with CPU C-States generated successfully
13:908  0:000  Cleanup XSDT: count=29, length=268
13:908  0:000  corrected XSDT count=28, length=260
13:908  0:000  === [ RestSetup macOS ] ===================================
13:908  0:000  EdidDiscovered size=128
13:908  0:000  --- Discovered EDID Table size:128
13:908  0:000  000  |  00  FF  FF  FF  FF  FF  FF  00  4D  10
13:908  0:000  010  |  01  14  00  00  00  00  17  17  01  04
13:908  0:000  020  |  A5  1F  11  78  06  DE  50  A3  54  4C
13:908  0:000  030  |  99  26  0F  50  54  00  00  00  01  01
13:908  0:000  040  |  01  01  01  01  01  01  01  01  01  01
13:908  0:000  050  |  01  01  01  01  CD  91  80  A0  C0  08
13:908  0:000  060  |  34  70  30  20  35  00  36  AE  10  00
13:908  0:000  070  |  00  18  AD  74  80  A0  C0  08  34  70
13:908  0:000  080  |  30  20  35  00  36  AE  10  00  00  18
13:908  0:000  090  |  3A  61  80  A0  C0  08  34  70  30  20
13:908  0:000  100  |  35  00  36  AE  10  00  00  18  00  00
13:908  0:000  110  |  00  FC  00  4C  51  31  34  30  5A  31
13:908  0:000  120  |  4A  57  30  31  0A  20  00  C5
13:908  0:000  add device: PciRoot(0x0)/Pci(0x1F,0x3)
13:908  0:000     Add key=layout-id valuelen=4
13:908  0:000  add device: PciRoot(0x0)/Pci(0x2,0x0)
13:908  0:000     Add key=framebuffer-unifiedmem valuelen=4
13:908  0:000     Add key=framebuffer-portcount valuelen=4
13:908  0:000     Add key=framebuffer-pipecount valuelen=4
13:908  0:000     Add key=framebuffer-patch-enable valuelen=4
13:908  0:000     Add key=framebuffer-mobile valuelen=4
13:908  0:000     Add key=framebuffer-memorycount valuelen=4
13:908  0:000     Add key=AAPL,ig-platform-id valuelen=4
13:908  0:000  NVidia GFX injection not set
13:908  0:000  Intel HD Graphics 530 [8086:191B] :: PciRoot(0x0)\Pci(0x2,0x0)
13:908  0:000    ig-platform-id = 0x19160000
13:908  0:000  Intel GFX revision  = 0x6
13:909  0:000   RCBA disabled; cannot use it
13:909  0:000  stringlength = 2200
13:909  0:000  CurrentMode: Width=3200 Height=1800
13:909  0:000  Beginning FSInjection
13:909  0:000   - ERROR: gFSInjectProtocolGuid not found!
13:914  0:004  Use origin smbios table type 1 guid.
13:917  0:002    Force kext: System\Library\Extensions\IONetworkingFamily.kext
13:941  0:024      Force PlugIn kext: System\Library\Extensions\IONetworkingFamily.kext\Contents\PlugIns\AppleEthernetAquantiaAqtion.kext
13:949  0:007      Force PlugIn kext: System\Library\Extensions\IONetworkingFamily.kext\Contents\PlugIns\AppleBCM5701Ethernet.kext
13:959  0:010      Force PlugIn kext: System\Library\Extensions\IONetworkingFamily.kext\Contents\PlugIns\AppleIntelI210Ethernet.kext
13:964  0:005      Force PlugIn kext: System\Library\Extensions\IONetworkingFamily.kext\Contents\PlugIns\Intel82574L.kext
13:970  0:006      Force PlugIn kext: System\Library\Extensions\IONetworkingFamily.kext\Contents\PlugIns\IOEthernetAVBController.kext
13:974  0:003      Force PlugIn kext: System\Library\Extensions\IONetworkingFamily.kext\Contents\PlugIns\AppleEthernetAquantiaAqtionFirmware.kext
13:987  0:012      Force PlugIn kext: System\Library\Extensions\IONetworkingFamily.kext\Contents\PlugIns\AppleIntel8254XEthernet.kext
13:992  0:004      Force PlugIn kext: System\Library\Extensions\IONetworkingFamily.kext\Contents\PlugIns\AppleVmxnet3Ethernet.kext
13:996  0:003      Force PlugIn kext: System\Library\Extensions\IONetworkingFamily.kext\Contents\PlugIns\mDNSOffloadUserClient.kext
14:001  0:005  Preparing kexts injection for arch=x86_64 from EFI\CLOVER\kexts\Other
14:001  0:000  Extra kext: EFI\CLOVER\kexts\Other\VoodooHDA.kext (v.2.9.2)
14:027  0:025  Extra kext: EFI\CLOVER\kexts\Other\VoodooI2C.kext (v.2.2)
14:050  0:022    |-- PlugIn kext: EFI\CLOVER\kexts\Other\VoodooI2C.kext\Contents\PlugIns\VoodooI2CServices.kext (v.1)
14:058  0:008    |-- PlugIn kext: EFI\CLOVER\kexts\Other\VoodooI2C.kext\Contents\PlugIns\VoodooGPIO.kext (v.1.1)
14:064  0:006  Extra kext: EFI\CLOVER\kexts\Other\SystemProfilerMemoryFixup.kext (v.1.0.0)
14:070  0:006  Extra kext: EFI\CLOVER\kexts\Other\SMCLightSensor.kext (v.1)
14:071  0:000  Extra kext: EFI\CLOVER\kexts\Other\VirtualSMC.kext (v.1.0.8)
14:081  0:009  Extra kext: EFI\CLOVER\kexts\Other\LiluFriend.kext (v.1.1.0)
14:084  0:003  Extra kext: EFI\CLOVER\kexts\Other\VoodooI2CHID.kext (v.1)
14:093  0:008  Extra kext: EFI\CLOVER\kexts\Other\CPUFriend.kext (v.1.1.9)
14:100  0:006  Extra kext: EFI\CLOVER\kexts\Other\USBInjectAll.kext (v.0.7.1)
14:144  0:044  Extra kext: EFI\CLOVER\kexts\Other\SMCProcessor.kext (v.1.0.8)
14:148  0:003  Extra kext: EFI\CLOVER\kexts\Other\WhateverGreen.kext (v.1.3.5)
14:172  0:024  Extra kext: EFI\CLOVER\kexts\Other\CodecCommander.kext (v.2.7.1)
14:186  0:013  Extra kext: EFI\CLOVER\kexts\Other\AppleALC.kext (v.1.4.4)
14:300  0:113  Extra kext: EFI\CLOVER\kexts\Other\NoTouchID.kext (v.1.0.2)
14:311  0:011  Extra kext: EFI\CLOVER\kexts\Other\Lilu.kext (v.1.4.0)
14:326  0:014  Extra kext: EFI\CLOVER\kexts\Other\ACPIBatteryManager.kext (v.1.90.1)
14:335  0:009  Preparing kexts injection for arch=x86_64 from EFI\CLOVER\kexts\Off
14:335  0:000  Preparing kexts injection for arch=x86_64 from EFI\CLOVER\kexts\10.15
14:338  0:002  SetStartupDiskVolume:
14:338  0:000    * Volume: 'Macintosh HD'
14:338  0:000    * LoaderPath: '<null string>'
14:338  0:000    * DevPath: Macintosh HD
14:338  0:000    * GUID = 745820BD-32FF-44BF-8DAD-40C36914C717
14:340  0:002    * efi-boot-device: <array><dict><key>IOMatch</key><dict><key>IOProviderClass</key><string>IOMedia</string><key>IOPropertyMatch</key><dict><key>UUID</key><string>745820BD-32FF-44BF-8DAD-40C36914C717</string></dict></dict></dict></array>
14:343  0:003  Custom boot screen not used because entry has unset use graphics
14:345  0:001  Closing log
